# JRE version: Java(TM) SE Runtime Environment (8.0_45-b15) (build 1.8.0_45-b15)
# Java VM: Java HotSpot(TM) 64-Bit Server VM (25.45-b02 mixed mode windows-amd64 compressed oops)
Heap:
 PSYoungGen      total 82432K, used 14865K [0x00000000e0800000, 0x00000000e8580000, 0x0000000100000000)
  eden space 69120K, 14% used [0x00000000e0800000,0x00000000e11e4be0,0x00000000e4b80000)
  from space 13312K, 35% used [0x00000000e5880000,0x00000000e5d1f9a8,0x00000000e6580000)
  to   space 13312K, 0% used [0x00000000e4b80000,0x00000000e4b80000,0x00000000e5880000)
 ParOldGen       total 62976K, used 17438K [0x00000000a1800000, 0x00000000a5580000, 0x00000000e0800000)
  object space 62976K, 27% used [0x00000000a1800000,0x00000000a2907928,0x00000000a5580000)
 Metaspace       used 27576K, capacity 28284K, committed 28672K, reserved 1075200K
  class space    used 3277K, capacity 3505K, committed 3584K, reserved 1048576K
GC Heap History (10 events):
Event: 10.110 GC heap before
{Heap before GC invocations=5 (full 0):
 PSYoungGen      total 53248K, used 53216K [0x00000000e0800000, 0x00000000e7000000, 0x0000000100000000)
  eden space 49152K, 100% used [0x00000000e0800000,0x00000000e3800000,0x00000000e3800000)
  from space 4096K, 99% used [0x00000000e6c00000,0x00000000e6ff8020,0x00000000e7000000)
  to   space 4096K, 0% used [0x00000000e3800000,0x00000000e3800000,0x00000000e3c00000)
 ParOldGen       total 65536K, used 9282K [0x00000000a1800000, 0x00000000a5800000, 0x00000000e0800000)
  object space 65536K, 14% used [0x00000000a1800000,0x00000000a2110958,0x00000000a5800000)
 Metaspace       used 19190K, capacity 19572K, committed 19712K, reserved 1067008K
  class space    used 2323K, capacity 2476K, committed 2560K, reserved 1048576K
Event: 10.131 GC heap after
Heap after GC invocations=5 (full 0):
 PSYoungGen      total 51712K, used 4080K [0x00000000e0800000, 0x00000000e6c80000, 0x0000000100000000)
  eden space 47616K, 0% used [0x00000000e0800000,0x00000000e0800000,0x00000000e3680000)
  from space 4096K, 99% used [0x00000000e3800000,0x00000000e3bfc030,0x00000000e3c00000)
  to   space 14336K, 0% used [0x00000000e5e80000,0x00000000e5e80000,0x00000000e6c80000)
 ParOldGen       total 65536K, used 19001K [0x00000000a1800000, 0x00000000a5800000, 0x00000000e0800000)
  object space 65536K, 28% used [0x00000000a1800000,0x00000000a2a8e5d8,0x00000000a5800000)
 Metaspace       used 19190K, capacity 19572K, committed 19712K, reserved 1067008K
  class space    used 2323K, capacity 2476K, committed 2560K, reserved 1048576K
}
Event: 12.390 GC heap before
{Heap before GC invocations=6 (full 0):
 PSYoungGen      total 51712K, used 34328K [0x00000000e0800000, 0x00000000e6c80000, 0x0000000100000000)
  eden space 47616K, 63% used [0x00000000e0800000,0x00000000e258a090,0x00000000e3680000)
  from space 4096K, 99% used [0x00000000e3800000,0x00000000e3bfc030,0x00000000e3c00000)
  to   space 14336K, 0% used [0x00000000e5e80000,0x00000000e5e80000,0x00000000e6c80000)
 ParOldGen       total 65536K, used 19001K [0x00000000a1800000, 0x00000000a5800000, 0x00000000e0800000)
  object space 65536K, 28% used [0x00000000a1800000,0x00000000a2a8e5d8,0x00000000a5800000)
 Metaspace       used 20677K, capacity 21100K, committed 21296K, reserved 1069056K
  class space    used 2450K, capacity 2617K, committed 2688K, reserved 1048576K
Event: 12.401 GC heap after
Heap after GC invocations=6 (full 0):
 PSYoungGen      total 53760K, used 7174K [0x00000000e0800000, 0x00000000e6600000, 0x0000000100000000)
  eden space 46080K, 0% used [0x00000000e0800000,0x00000000e0800000,0x00000000e3500000)
  from space 7680K, 93% used [0x00000000e5e80000,0x00000000e65818f0,0x00000000e6600000)
  to   space 13312K, 0% used [0x00000000e4c00000,0x00000000e4c00000,0x00000000e5900000)
 ParOldGen       total 65536K, used 19009K [0x00000000a1800000, 0x00000000a5800000, 0x00000000e0800000)
  object space 65536K, 29% used [0x00000000a1800000,0x00000000a2a905d8,0x00000000a5800000)
 Metaspace       used 20677K, capacity 21100K, committed 21296K, reserved 1069056K
  class space    used 2450K, capacity 2617K, committed 2688K, reserved 1048576K
}
Event: 12.401 GC heap before
{Heap before GC invocations=7 (full 1):
 PSYoungGen      total 53760K, used 7174K [0x00000000e0800000, 0x00000000e6600000, 0x0000000100000000)
  eden space 46080K, 0% used [0x00000000e0800000,0x00000000e0800000,0x00000000e3500000)
  from space 7680K, 93% used [0x00000000e5e80000,0x00000000e65818f0,0x00000000e6600000)
  to   space 13312K, 0% used [0x00000000e4c00000,0x00000000e4c00000,0x00000000e5900000)
 ParOldGen       total 65536K, used 19009K [0x00000000a1800000, 0x00000000a5800000, 0x00000000e0800000)
  object space 65536K, 29% used [0x00000000a1800000,0x00000000a2a905d8,0x00000000a5800000)
 Metaspace       used 20677K, capacity 21100K, committed 21296K, reserved 1069056K
  class space    used 2450K, capacity 2617K, committed 2688K, reserved 1048576K
Event: 12.471 GC heap after
Heap after GC invocations=7 (full 1):
 PSYoungGen      total 53760K, used 0K [0x00000000e0800000, 0x00000000e6600000, 0x0000000100000000)
  eden space 46080K, 0% used [0x00000000e0800000,0x00000000e0800000,0x00000000e3500000)
  from space 7680K, 0% used [0x00000000e5e80000,0x00000000e5e80000,0x00000000e6600000)
  to   space 13312K, 0% used [0x00000000e4c00000,0x00000000e4c00000,0x00000000e5900000)
 ParOldGen       total 62976K, used 17422K [0x00000000a1800000, 0x00000000a5580000, 0x00000000e0800000)
  object space 62976K, 27% used [0x00000000a1800000,0x00000000a2903928,0x00000000a5580000)
 Metaspace       used 20677K, capacity 21100K, committed 21296K, reserved 1069056K
  class space    used 2450K, capacity 2617K, committed 2688K, reserved 1048576K
}
Event: 25.187 GC heap before
{Heap before GC invocations=8 (full 1):
 PSYoungGen      total 53760K, used 46080K [0x00000000e0800000, 0x00000000e6600000, 0x0000000100000000)
  eden space 46080K, 100% used [0x00000000e0800000,0x00000000e3500000,0x00000000e3500000)
  from space 7680K, 0% used [0x00000000e5e80000,0x00000000e5e80000,0x00000000e6600000)
  to   space 13312K, 0% used [0x00000000e4c00000,0x00000000e4c00000,0x00000000e5900000)
 ParOldGen       total 62976K, used 17422K [0x00000000a1800000, 0x00000000a5580000, 0x00000000e0800000)
  object space 62976K, 27% used [0x00000000a1800000,0x00000000a2903928,0x00000000a5580000)
 Metaspace       used 24640K, capacity 25264K, committed 25472K, reserved 1071104K
  class space    used 2928K, capacity 3132K, committed 3200K, reserved 1048576K
Event: 25.193 GC heap after
Heap after GC invocations=8 (full 1):
 PSYoungGen      total 74752K, used 5333K [0x00000000e0800000, 0x00000000e6580000, 0x0000000100000000)
  eden space 69120K, 0% used [0x00000000e0800000,0x00000000e0800000,0x00000000e4b80000)
  from space 5632K, 94% used [0x00000000e4c00000,0x00000000e51357d0,0x00000000e5180000)
  to   space 13312K, 0% used [0x00000000e5880000,0x00000000e5880000,0x00000000e6580000)
 ParOldGen       total 62976K, used 17430K [0x00000000a1800000, 0x00000000a5580000, 0x00000000e0800000)
  object space 62976K, 27% used [0x00000000a1800000,0x00000000a2905928,0x00000000a5580000)
 Metaspace       used 24640K, capacity 25264K, committed 25472K, reserved 1071104K
  class space    used 2928K, capacity 3132K, committed 3200K, reserved 1048576K
}
Event: 26.810 GC heap before
{Heap before GC invocations=9 (full 1):
 PSYoungGen      total 74752K, used 74453K [0x00000000e0800000, 0x00000000e6580000, 0x0000000100000000)
  eden space 69120K, 100% used [0x00000000e0800000,0x00000000e4b80000,0x00000000e4b80000)
  from space 5632K, 94% used [0x00000000e4c00000,0x00000000e51357d0,0x00000000e5180000)
  to   space 13312K, 0% used [0x00000000e5880000,0x00000000e5880000,0x00000000e6580000)
 ParOldGen       total 62976K, used 17430K [0x00000000a1800000, 0x00000000a5580000, 0x00000000e0800000)
  object space 62976K, 27% used [0x00000000a1800000,0x00000000a2905928,0x00000000a5580000)
 Metaspace       used 26222K, capacity 26864K, committed 27136K, reserved 1073152K
  class space    used 3108K, capacity 3311K, committed 3328K, reserved 1048576K
Event: 26.816 GC heap after
Heap after GC invocations=9 (full 1):
 PSYoungGen      total 82432K, used 4734K [0x00000000e0800000, 0x00000000e8580000, 0x0000000100000000)
  eden space 69120K, 0% used [0x00000000e0800000,0x00000000e0800000,0x00000000e4b80000)
  from space 13312K, 35% used [0x00000000e5880000,0x00000000e5d1f9a8,0x00000000e6580000)
  to   space 13312K, 0% used [0x00000000e4b80000,0x00000000e4b80000,0x00000000e5880000)
 ParOldGen       total 62976K, used 17438K [0x00000000a1800000, 0x00000000a5580000, 0x00000000e0800000)
  object space 62976K, 27% used [0x00000000a1800000,0x00000000a2907928,0x00000000a5580000)
 Metaspace       used 26222K, capacity 26864K, committed 27136K, reserved 1073152K
  class space    used 3108K, capacity 3311K, committed 3328K, reserved 1048576K
}

